Flutter crash report; please file at https://github.com/flutter/flutter/issues.

## command

flutter --no-color run --machine --track-widget-creation --device-id=735A02E6-C2CE-4DAF-A2AB-807CB96DD9A1 lib/main.dart

## exception

_InternalLinkedHashMap<String, dynamic>: {code: 105, message: Isolate must be runnable, data: {request: {method: _reloadSources, params: {pause: true, rootLibUri: file:///Users/kun/Library/Developer/CoreSimulator/Devices/735A02E6-C2CE-4DAF-A2AB-807CB96DD9A1/data/Containers/Data/Application/29D7EE1F-B679-4CE3-9D33-7A421B5FAE05/tmp/flutter_app1xIPxGr/flutter_app1/lib/main.dart.incremental.dill, packagesUri: file:///Users/kun/Library/Developer/CoreSimulator/Devices/735A02E6-C2CE-4DAF-A2AB-807CB96DD9A1/data/Containers/Data/Application/29D7EE1F-B679-4CE3-9D33-7A421B5FAE05/tmp/flutter_app1xIPxGr/flutter_app1/.packages, isolateId: isolates/35515092}}, details: Isolate must be runnable before this request is made.}}

```
null```

## flutter doctor

```
[✓] Flutter (Channel stable, v1.7.8+hotfix.4, on Mac OS X 10.12.6 16G2016, locale zh-Hans-CN)
    • Flutter version 1.7.8+hotfix.4 at /Users/kun/lib/flutter
    • Framework revision 20e59316b8 (3 weeks ago), 2019-07-18 20:04:33 -0700
    • Engine revision fee001c93f
    • Dart version 2.4.0

[!] Android toolchain - develop for Android devices (Android SDK version 29.0.1)
    • Android SDK at /Users/kun/Library/Android/sdk
    • Android NDK location not configured (optional; useful for native profiling support)
    • Platform android-29, build-tools 29.0.1
    • Java binary at: /Applications/Android Studio.app/Contents/jre/jdk/Contents/Home/bin/java
    • Java version OpenJDK Runtime Environment (build 1.8.0_152-release-1343-b01)
    ! Some Android licenses not accepted.  To resolve this, run: flutter doctor --android-licenses

[!] Xcode - develop for iOS and macOS (Xcode 9.2)
    • Xcode at /Applications/Xcode.app/Contents/Developer
    • Xcode 9.2, Build version 9C40b
    ✗ CocoaPods not installed.
        CocoaPods is used to retrieve the iOS and macOS platform side's plugin code that responds to your plugin usage on the Dart side.
        Without CocoaPods, plugins will not work on iOS or macOS.
        For more info, see https://flutter.dev/platform-plugins
      To install:
        brew install cocoapods
        pod setup

[!] iOS tools - develop for iOS devices
    ✗ libimobiledevice and ideviceinstaller are not installed. To install with Brew, run:
        brew update
        brew install --HEAD usbmuxd
        brew link usbmuxd
        brew install --HEAD libimobiledevice
        brew install ideviceinstaller
    • ios-deploy 1.9.4

[✓] Android Studio (version 3.4)
    • Android Studio at /Applications/Android Studio.app/Contents
    • Flutter plugin version 37.1.1
    • Dart plugin version 183.6270
    • Java version OpenJDK Runtime Environment (build 1.8.0_152-release-1343-b01)

[✓] IntelliJ IDEA Ultimate Edition (version 2018.1.8)
    • IntelliJ at /Applications/IntelliJ IDEA.app
    • Flutter plugin version 31.3.1
    • Dart plugin version 181.5656

[!] VS Code (version 1.36.1)
    • VS Code at /Applications/Visual Studio Code.app/Contents
    ✗ Flutter extension not installed; install from
      https://marketplace.visualstudio.com/items?itemName=Dart-Code.flutter

[✓] Connected device (1 available)
    • iPhone X • 735A02E6-C2CE-4DAF-A2AB-807CB96DD9A1 • ios • iOS 11.2 (simulator)

! Doctor found issues in 4 categories.
```
